<?xml version="1.0" encoding="UTF-8"?>
<testng-results skipped="0" failed="0" total="1" passed="1">
  <reporter-output>
  </reporter-output>
  <suite name="Default suite" duration-ms="22199" started-at="2018-01-31T07:40:44Z" finished-at="2018-01-31T07:41:06Z">
    <groups>
    </groups>
    <test name="Default test" duration-ms="22199" started-at="2018-01-31T07:40:44Z" finished-at="2018-01-31T07:41:06Z">
      <class name="com.precifab.gmail.login.testscripts.GmailLoginTest">
        <test-method status="PASS" signature="testGmailLogin()[pri:0, instance:com.precifab.gmail.login.testscripts.GmailLoginTest@4520ebad]" name="testGmailLogin" duration-ms="22162" started-at="2018-01-31T13:10:44Z" finished-at="2018-01-31T13:11:06Z">
          <reporter-output>
          </reporter-output>
        </test-method> <!-- testGmailLogin -->
      </class> <!-- com.precifab.gmail.login.testscripts.GmailLoginTest -->
    </test> <!-- Default test -->
  </suite> <!-- Default suite -->
</testng-results>
